<?xml version="1.0" encoding="UTF-8"?>
<!-- Generated by org.testng.reporters.JUnitXMLReporter -->
<testsuite hostname="WINDOWS-AI4IGIB" ignored="0" name="Test" tests="6" failures="1" timestamp="07 Oct 2018 12:57:34 GMT" time="24.808" errors="0">
  <testcase name="titleVerification" time="0.536" classname="com.pack.TestCase"/>
  <testcase name="loginProfile" time="4.637" classname="com.pack.TestCase"/>
  <testcase name="validateProfile" time="0.085" classname="com.pack.TestCase"/>
  <testcase name="searchProduct" time="1.379" classname="com.pack.TestCase">
    <failure type="java.lang.IndexOutOfBoundsException" message="Index: 1, Size: 1">
      <![CDATA[java.lang.IndexOutOfBoundsException: Index: 1, Size: 1
at java.util.ArrayList.rangeCheck(Unknown Source)
at java.util.ArrayList.get(Unknown Source)
at com.pack.TestCase.searchProduct(TestCase.java:136)
... Removed 25 stack frames]]>
    </failure>
  </testcase> <!-- searchProduct -->
  <testcase name="purchaseIphone" time="0.0" classname="com.pack.TestCase">
    <skipped/>
  </testcase> <!-- purchaseIphone -->
  <testcase name="goToCart" time="0.0" classname="com.pack.TestCase">
    <skipped/>
  </testcase> <!-- goToCart -->
</testsuite> <!-- Test -->
